  TileCell.cpp
  PathfindingState.cpp
c:\users\atents\documents\github\2d-tile-based-game\2d tile-based game\2d tile-based game\pathfindingstate.cpp(60): error C2039: 'GetTargetCell': 'Character'의 멤버가 아닙니다.
  c:\users\atents\documents\github\2d-tile-based-game\2d tile-based game\2d tile-based game\character.h(35): note: 'Character' 선언을 참조하십시오.
  Map.cpp
c:\users\atents\documents\github\2d-tile-based-game\2d tile-based game\2d tile-based game\map.cpp(52): warning C4996: 'sprintf': This function or variable may be unsafe. Consider using sprintf_s instead. To disable deprecation, use _CRT_SECURE_NO_WARNINGS. See online help for details.
  c:\program files (x86)\windows kits\10\include\10.0.15063.0\ucrt\stdio.h(1772): note: 'sprintf' 선언을 참조하십시오.
c:\users\atents\documents\github\2d-tile-based-game\2d tile-based game\2d tile-based game\map.cpp(55): warning C4996: 'sprintf': This function or variable may be unsafe. Consider using sprintf_s instead. To disable deprecation, use _CRT_SECURE_NO_WARNINGS. See online help for details.
  c:\program files (x86)\windows kits\10\include\10.0.15063.0\ucrt\stdio.h(1772): note: 'sprintf' 선언을 참조하십시오.
c:\users\atents\documents\github\2d-tile-based-game\2d tile-based game\2d tile-based game\map.cpp(67): warning C4996: 'strtok': This function or variable may be unsafe. Consider using strtok_s instead. To disable deprecation, use _CRT_SECURE_NO_WARNINGS. See online help for details.
  c:\program files (x86)\windows kits\10\include\10.0.15063.0\ucrt\string.h(439): note: 'strtok' 선언을 참조하십시오.
c:\users\atents\documents\github\2d-tile-based-game\2d tile-based game\2d tile-based game\map.cpp(73): warning C4996: 'strtok': This function or variable may be unsafe. Consider using strtok_s instead. To disable deprecation, use _CRT_SECURE_NO_WARNINGS. See online help for details.
  c:\program files (x86)\windows kits\10\include\10.0.15063.0\ucrt\string.h(439): note: 'strtok' 선언을 참조하십시오.
c:\users\atents\documents\github\2d-tile-based-game\2d tile-based game\2d tile-based game\map.cpp(75): warning C4996: 'strtok': This function or variable may be unsafe. Consider using strtok_s instead. To disable deprecation, use _CRT_SECURE_NO_WARNINGS. See online help for details.
  c:\program files (x86)\windows kits\10\include\10.0.15063.0\ucrt\string.h(439): note: 'strtok' 선언을 참조하십시오.
c:\users\atents\documents\github\2d-tile-based-game\2d tile-based game\2d tile-based game\map.cpp(98): warning C4996: 'strtok': This function or variable may be unsafe. Consider using strtok_s instead. To disable deprecation, use _CRT_SECURE_NO_WARNINGS. See online help for details.
  c:\program files (x86)\windows kits\10\include\10.0.15063.0\ucrt\string.h(439): note: 'strtok' 선언을 참조하십시오.
c:\users\atents\documents\github\2d-tile-based-game\2d tile-based game\2d tile-based game\map.cpp(119): warning C4996: 'strtok': This function or variable may be unsafe. Consider using strtok_s instead. To disable deprecation, use _CRT_SECURE_NO_WARNINGS. See online help for details.
  c:\program files (x86)\windows kits\10\include\10.0.15063.0\ucrt\string.h(439): note: 'strtok' 선언을 참조하십시오.
c:\users\atents\documents\github\2d-tile-based-game\2d tile-based game\2d tile-based game\map.cpp(151): warning C4996: 'strtok': This function or variable may be unsafe. Consider using strtok_s instead. To disable deprecation, use _CRT_SECURE_NO_WARNINGS. See online help for details.
  c:\program files (x86)\windows kits\10\include\10.0.15063.0\ucrt\string.h(439): note: 'strtok' 선언을 참조하십시오.
c:\users\atents\documents\github\2d-tile-based-game\2d tile-based game\2d tile-based game\map.cpp(199): warning C4244: '=': 'int'에서 'float'(으)로 변환하면서 데이터가 손실될 수 있습니다.
c:\users\atents\documents\github\2d-tile-based-game\2d tile-based game\2d tile-based game\map.cpp(200): warning C4244: '=': 'int'에서 'float'(으)로 변환하면서 데이터가 손실될 수 있습니다.
c:\users\atents\documents\github\2d-tile-based-game\2d tile-based game\2d tile-based game\map.cpp(281): warning C4244: 'return': 'float'에서 'int'(으)로 변환하면서 데이터가 손실될 수 있습니다.
c:\users\atents\documents\github\2d-tile-based-game\2d tile-based game\2d tile-based game\map.cpp(286): warning C4244: 'return': 'float'에서 'int'(으)로 변환하면서 데이터가 손실될 수 있습니다.
c:\users\atents\documents\github\2d-tile-based-game\2d tile-based game\2d tile-based game\map.cpp(355): warning C4244: '=': 'int'에서 'float'(으)로 변환하면서 데이터가 손실될 수 있습니다.
c:\users\atents\documents\github\2d-tile-based-game\2d tile-based game\2d tile-based game\map.cpp(356): warning C4244: '=': 'int'에서 'float'(으)로 변환하면서 데이터가 손실될 수 있습니다.
  코드를 생성하고 있습니다...
