c:\users\atents\documents\github\2d-tile-based-game\2d tile-based game\2d tile-based game\debug\vc141.pdb
c:\users\atents\documents\github\2d-tile-based-game\2d tile-based game\2d tile-based game\debug\vc141.idb
c:\users\atents\documents\github\2d-tile-based-game\2d tile-based game\2d tile-based game\debug\pathfindingstate.obj
c:\users\atents\documents\github\2d-tile-based-game\2d tile-based game\2d tile-based game\debug\pathfindingmovestate.obj
c:\users\atents\documents\github\2d-tile-based-game\2d tile-based game\2d tile-based game\debug\selecttargetstate.obj
c:\users\atents\documents\github\2d-tile-based-game\2d tile-based game\2d tile-based game\debug\character.obj
c:\users\atents\documents\github\2d-tile-based-game\2d tile-based game\2d tile-based game\debug\player.obj
c:\users\atents\documents\github\2d-tile-based-game\2d tile-based game\2d tile-based game\debug\monster.obj
c:\users\atents\documents\github\2d-tile-based-game\2d tile-based game\2d tile-based game\debug\attackstate.obj
c:\users\atents\documents\github\2d-tile-based-game\2d tile-based game\2d tile-based game\debug\attackui.obj
c:\users\atents\documents\github\2d-tile-based-game\2d tile-based game\2d tile-based game\debug\deadstate.obj
c:\users\atents\documents\github\2d-tile-based-game\2d tile-based game\2d tile-based game\debug\defensestate.obj
c:\users\atents\documents\github\2d-tile-based-game\2d tile-based game\2d tile-based game\debug\idlestate.obj
c:\users\atents\documents\github\2d-tile-based-game\2d tile-based game\2d tile-based game\debug\moveui.obj
c:\users\atents\documents\github\2d-tile-based-game\2d tile-based game\2d tile-based game\debug\pathfinding.obj
c:\users\atents\documents\github\2d-tile-based-game\2d tile-based game\2d tile-based game\debug\state.obj
c:\users\atents\documents\github\2d-tile-based-game\2d tile-based game\2d tile-based game\debug\defaultstageloader.obj
c:\users\atents\documents\github\2d-tile-based-game\2d tile-based game\2d tile-based game\debug\recoveryitem.obj
c:\users\atents\documents\github\2d-tile-based-game\2d tile-based game\2d tile-based game\debug\uisystem.obj
c:\users\atents\documents\github\2d-tile-based-game\2d tile-based game\2d tile-based game\debug\gamesystem.obj
c:\users\atents\documents\github\2d-tile-based-game\2d tile-based game\2d tile-based game\debug\stage.obj
c:\users\atents\documents\github\2d-tile-based-game\2d tile-based game\2d tile-based game\debug\componentsystem.obj
c:\users\atents\documents\github\2d-tile-based-game\2d tile-based game\2d tile-based game\debug\globaltile.obj
c:\users\atents\documents\github\2d-tile-based-game\2d tile-based game\2d tile-based game\debug\map.obj
c:\users\atents\documents\github\2d-tile-based-game\2d tile-based game\2d tile-based game\debug\stageloader.obj
c:\users\atents\documents\github\2d-tile-based-game\2d tile-based game\2d tile-based game\debug\tilecell.obj
c:\users\atents\documents\github\2d-tile-based-game\2d tile-based game\debug\2d tile-based game.exe
c:\users\atents\documents\github\2d-tile-based-game\2d tile-based game\debug\2d tile-based game.ilk
c:\users\atents\documents\github\2d-tile-based-game\2d tile-based game\debug\2d tile-based game.pdb
c:\users\atents\documents\github\2d-tile-based-game\2d tile-based game\2d tile-based game\debug\component.obj
c:\users\atents\documents\github\2d-tile-based-game\2d tile-based game\2d tile-based game\debug\counterattackstate.obj
c:\users\atents\documents\github\2d-tile-based-game\2d tile-based game\2d tile-based game\debug\font.obj
c:\users\atents\documents\github\2d-tile-based-game\2d tile-based game\2d tile-based game\debug\frame.obj
c:\users\atents\documents\github\2d-tile-based-game\2d tile-based game\2d tile-based game\debug\gametimer.obj
c:\users\atents\documents\github\2d-tile-based-game\2d tile-based game\2d tile-based game\debug\npc.obj
c:\users\atents\documents\github\2d-tile-based-game\2d tile-based game\2d tile-based game\debug\poisonitem.obj
c:\users\atents\documents\github\2d-tile-based-game\2d tile-based game\2d tile-based game\debug\recoverystate.obj
c:\users\atents\documents\github\2d-tile-based-game\2d tile-based game\2d tile-based game\debug\resourcemanager.obj
c:\users\atents\documents\github\2d-tile-based-game\2d tile-based game\2d tile-based game\debug\sprite.obj
c:\users\atents\documents\github\2d-tile-based-game\2d tile-based game\2d tile-based game\debug\sword.obj
c:\users\atents\documents\github\2d-tile-based-game\2d tile-based game\2d tile-based game\debug\texture.obj
c:\users\atents\documents\github\2d-tile-based-game\2d tile-based game\2d tile-based game\debug\tileobject.obj
c:\users\atents\documents\github\2d-tile-based-game\2d tile-based game\2d tile-based game\debug\ui.obj
c:\users\atents\documents\github\2d-tile-based-game\2d tile-based game\2d tile-based game\debug\winmain.obj
c:\users\atents\documents\github\2d-tile-based-game\2d tile-based game\2d tile-based game\debug\2d tile-.4f9ea215.tlog\cl.command.1.tlog
c:\users\atents\documents\github\2d-tile-based-game\2d tile-based game\2d tile-based game\debug\2d tile-.4f9ea215.tlog\cl.read.1.tlog
c:\users\atents\documents\github\2d-tile-based-game\2d tile-based game\2d tile-based game\debug\2d tile-.4f9ea215.tlog\cl.write.1.tlog
c:\users\atents\documents\github\2d-tile-based-game\2d tile-based game\2d tile-based game\debug\2d tile-.4f9ea215.tlog\link.command.1.tlog
c:\users\atents\documents\github\2d-tile-based-game\2d tile-based game\2d tile-based game\debug\2d tile-.4f9ea215.tlog\link.read.1.tlog
c:\users\atents\documents\github\2d-tile-based-game\2d tile-based game\2d tile-based game\debug\2d tile-.4f9ea215.tlog\link.write.1.tlog
